[2024-10-04T14:59:43.519Z] [=] User 21104010 attempting to log in
[2024-10-04T14:59:43.561Z] [=] Mobileapp 2409:40c0:236:3250:cff2:5a79:53ec:c50b : User 21104010 successfully logged in
[2024-10-04T14:59:43.584Z] [=] Mobileapp 2409:40c0:236:3250:cff2:5a79:53ec:c50b : Token provided for user 21104010
[2024-10-04T15:32:26.375Z] [=] User 21104010 attempting to log in
[2024-10-04T15:32:26.387Z] [=] Webapp 2409:40c0:236:3250:e482:60c4:f891:b393 : User 21104010 successfully logged in
[2024-10-04T15:32:26.403Z] [=] Webapp 2409:40c0:236:3250:e482:60c4:f891:b393 : Token provided for user 21104010
[2024-10-04T15:56:10.268Z] [=] User 21104010 attempting to log in
[2024-10-04T15:56:10.280Z] [=] Webapp 2409:40c0:236:3250:e482:60c4:f891:b393 : User 21104010 successfully logged in
[2024-10-04T15:56:10.292Z] [=] Webapp 2409:40c0:236:3250:e482:60c4:f891:b393 : Token provided for user 21104010
[2024-10-04T15:56:33.067Z] [=] User 21104010 attempting to log in
[2024-10-04T15:56:33.080Z] [=] Webapp 2409:40c0:236:3250:e482:60c4:f891:b393 : User 21104010 successfully logged in
[2024-10-04T15:56:33.090Z] [=] Webapp 2409:40c0:236:3250:e482:60c4:f891:b393 : Token provided for user 21104010
[2024-10-04T16:00:04.413Z] [=] User 21104010 attempting to log in
[2024-10-04T16:00:04.421Z] [=] Webapp 2409:40c0:236:3250:e482:60c4:f891:b393 : User 21104010 successfully logged in
[2024-10-04T16:00:04.432Z] [=] Webapp 2409:40c0:236:3250:e482:60c4:f891:b393 : Token provided for user 21104010
[2024-10-04T17:51:22.262Z] [=] User 21104010 attempting to log in
[2024-10-04T17:51:22.277Z] [=] Webapp 2409:40c0:236:3250:e482:60c4:f891:b393 : User 21104010 successfully logged in
[2024-10-04T17:51:22.285Z] [=] Webapp 2409:40c0:236:3250:e482:60c4:f891:b393 : Token provided for user 21104010
[2024-10-04T17:51:34.378Z] [=] User 21104010 attempting to log in
[2024-10-04T17:51:34.382Z] [=] Webapp 2409:40c0:236:3250:e482:60c4:f891:b393 : User 21104010 successfully logged in
[2024-10-04T17:51:34.390Z] [=] Webapp 2409:40c0:236:3250:e482:60c4:f891:b393 : Token provided for user 21104010
