[2024-10-04T18:39:17.272Z] [=] User 21104010 attempting to log in
[2024-10-04T18:39:17.295Z] [=] Webapp 2409:40c0:236:3250:e482:60c4:f891:b393 : User 21104010 successfully logged in
[2024-10-04T18:39:17.311Z] [=] Webapp 2409:40c0:236:3250:e482:60c4:f891:b393 : Token provided for user 21104010
[2024-10-04T19:01:55.230Z] [=] User 21104010 attempting to log in
[2024-10-04T19:01:55.250Z] [=] Webapp 2409:40c0:236:3250:e482:60c4:f891:b393 : User 21104010 successfully logged in
[2024-10-04T19:01:55.267Z] [=] Webapp 2409:40c0:236:3250:e482:60c4:f891:b393 : Token provided for user 21104010
[2024-10-05T06:17:37.105Z] [=] User 21104010 attempting to log in
[2024-10-05T06:17:37.131Z] [=] Webapp 2409:40c0:236:383f:7922:bbd6:b1c6:5371 : User 21104010 successfully logged in
[2024-10-05T06:17:37.154Z] [=] Webapp 2409:40c0:236:383f:7922:bbd6:b1c6:5371 : Token provided for user 21104010
[2024-10-05T07:39:11.250Z] [=] User 21104010 attempting to log in
[2024-10-05T07:39:11.307Z] [=] Webapp 2409:40c0:236:383f:7922:bbd6:b1c6:5371 : User 21104010 successfully logged in
[2024-10-05T07:39:11.344Z] [=] Webapp 2409:40c0:236:383f:7922:bbd6:b1c6:5371 : Token provided for user 21104010
[2024-10-05T07:46:24.645Z] [=] User 21104010 attempting to log in
[2024-10-05T07:46:24.658Z] [=] Webapp 2409:40c0:236:383f:7922:bbd6:b1c6:5371 : User 21104010 successfully logged in
[2024-10-05T07:46:24.680Z] [=] Webapp 2409:40c0:236:383f:7922:bbd6:b1c6:5371 : Token provided for user 21104010
[2024-10-05T07:46:34.107Z] [=] User 21104010 attempting to log in
[2024-10-05T07:46:34.113Z] [=] Webapp 2409:40c0:236:383f:7922:bbd6:b1c6:5371 : User 21104010 successfully logged in
[2024-10-05T07:46:34.125Z] [=] Webapp 2409:40c0:236:383f:7922:bbd6:b1c6:5371 : Token provided for user 21104010
[2024-10-05T07:47:00.849Z] [=] User 21104010 attempting to log in
[2024-10-05T07:47:00.854Z] [=] Webapp 2409:40c0:236:383f:7922:bbd6:b1c6:5371 : User 21104010 successfully logged in
[2024-10-05T07:47:00.865Z] [=] Webapp 2409:40c0:236:383f:7922:bbd6:b1c6:5371 : Token provided for user 21104010
[2024-10-05T07:50:53.529Z] [=] User 21104010 attempting to log in
[2024-10-05T07:50:53.550Z] [=] Webapp 2409:40c0:236:383f:7922:bbd6:b1c6:5371 : User 21104010 successfully logged in
[2024-10-05T07:50:53.558Z] [=] Webapp 2409:40c0:236:383f:7922:bbd6:b1c6:5371 : Token provided for user 21104010
[2024-10-05T07:55:21.642Z] [=] User 21104010 attempting to log in
[2024-10-05T07:55:21.672Z] [=] Webapp 2409:40c0:236:383f:7922:bbd6:b1c6:5371 : User 21104010 successfully logged in
[2024-10-05T07:55:21.697Z] [=] Webapp 2409:40c0:236:383f:7922:bbd6:b1c6:5371 : Token provided for user 21104010
[2024-10-05T07:57:07.537Z] [=] User 21104010 attempting to log in
[2024-10-05T07:57:07.561Z] [=] Webapp 2409:40c0:236:383f:7922:bbd6:b1c6:5371 : User 21104010 successfully logged in
[2024-10-05T07:57:07.576Z] [=] Webapp 2409:40c0:236:383f:7922:bbd6:b1c6:5371 : Token provided for user 21104010
[2024-10-05T07:59:49.110Z] [=] User 2110410 attempting to log in
[2024-10-05T07:59:49.132Z] [-] Webapp 2409:40c0:236:383f:7922:bbd6:b1c6:5371 : Unsuccessful login attempt for user 2110410
[2024-10-05T08:00:14.159Z] [=] User 21104010 attempting to log in
[2024-10-05T08:00:14.172Z] [=] Webapp 2409:40c0:236:383f:7922:bbd6:b1c6:5371 : User 21104010 successfully logged in
[2024-10-05T08:00:14.197Z] [=] Webapp 2409:40c0:236:383f:7922:bbd6:b1c6:5371 : Token provided for user 21104010
[2024-10-05T08:01:32.636Z] [=] User 21104010 attempting to log in
[2024-10-05T08:01:32.667Z] [=] Webapp 2409:40c0:236:383f:7922:bbd6:b1c6:5371 : User 21104010 successfully logged in
[2024-10-05T08:01:32.690Z] [=] Webapp 2409:40c0:236:383f:7922:bbd6:b1c6:5371 : Token provided for user 21104010
[2024-10-05T08:11:18.973Z] [=] User 21104010 attempting to log in
[2024-10-05T08:11:18.981Z] [=] Webapp 2409:40c0:236:383f:7922:bbd6:b1c6:5371 : User 21104010 successfully logged in
[2024-10-05T08:11:19.008Z] [=] Webapp 2409:40c0:236:383f:7922:bbd6:b1c6:5371 : Token provided for user 21104010
[2024-10-05T08:12:30.342Z] [=] User 21104010 attempting to log in
[2024-10-05T08:12:30.390Z] [=] Webapp 2409:40c0:236:383f:7922:bbd6:b1c6:5371 : User 21104010 successfully logged in
[2024-10-05T08:12:30.429Z] [=] Webapp 2409:40c0:236:383f:7922:bbd6:b1c6:5371 : Token provided for user 21104010
[2024-10-05T08:21:30.084Z] [=] User 21104010 attempting to log in
[2024-10-05T08:21:30.108Z] [=] Webapp 2409:40c0:236:383f:7922:bbd6:b1c6:5371 : User 21104010 successfully logged in
[2024-10-05T08:21:30.134Z] [=] Webapp 2409:40c0:236:383f:7922:bbd6:b1c6:5371 : Token provided for user 21104010
[2024-10-05T08:23:26.889Z] [=] User 21104010 attempting to log in
[2024-10-05T08:23:26.914Z] [=] Webapp 2409:40c0:236:383f:7922:bbd6:b1c6:5371 : User 21104010 successfully logged in
[2024-10-05T08:23:26.935Z] [=] Webapp 2409:40c0:236:383f:7922:bbd6:b1c6:5371 : Token provided for user 21104010
[2024-10-05T09:35:05.220Z] [=] User 21104010 attempting to log in
[2024-10-05T09:35:05.240Z] [=] Webapp 2409:40c0:236:383f:7922:bbd6:b1c6:5371 : User 21104010 successfully logged in
[2024-10-05T09:35:05.257Z] [=] Webapp 2409:40c0:236:383f:7922:bbd6:b1c6:5371 : Token provided for user 21104010
[2024-10-05T10:48:02.054Z] [=] User 21104010 attempting to log in
[2024-10-05T10:48:02.087Z] [=] Webapp 2409:40c0:236:383f:7922:bbd6:b1c6:5371 : User 21104010 successfully logged in
[2024-10-05T10:48:02.123Z] [=] Webapp 2409:40c0:236:383f:7922:bbd6:b1c6:5371 : Token provided for user 21104010
[2024-10-05T11:22:03.169Z] [=] User 21104010 attempting to log in
[2024-10-05T11:22:03.203Z] [=] Webapp 2409:40c0:236:383f:7922:bbd6:b1c6:5371 : User 21104010 successfully logged in
[2024-10-05T11:22:03.237Z] [=] Webapp 2409:40c0:236:383f:7922:bbd6:b1c6:5371 : Token provided for user 21104010
[2024-10-05T12:26:04.166Z] [=] User 21104010 attempting to log in
[2024-10-05T12:26:04.171Z] [=] Webapp 152.58.1.166 : User 21104010 successfully logged in
[2024-10-05T12:26:04.182Z] [=] Webapp 152.58.1.166 : Token provided for user 21104010
[2024-10-05T13:06:04.378Z] [=] User 21104010 attempting to log in
[2024-10-05T13:06:04.382Z] [-] Webapp 2409:40c0:236:383f:7922:bbd6:b1c6:5371 : Unsuccessful login attempt for user 21104010
[2024-10-05T13:06:17.582Z] [=] User 21104010 attempting to log in
[2024-10-05T13:06:17.586Z] [=] Webapp 2409:40c0:236:383f:7922:bbd6:b1c6:5371 : User 21104010 successfully logged in
[2024-10-05T13:06:17.596Z] [=] Webapp 2409:40c0:236:383f:7922:bbd6:b1c6:5371 : Token provided for user 21104010
[2024-10-05T13:08:22.342Z] [=] User 21104010 attempting to log in
[2024-10-05T13:08:22.345Z] [=] Webapp 2409:40c0:236:383f:7922:bbd6:b1c6:5371 : User 21104010 successfully logged in
[2024-10-05T13:08:22.353Z] [=] Webapp 2409:40c0:236:383f:7922:bbd6:b1c6:5371 : Token provided for user 21104010
[2024-10-05T13:34:09.147Z] [=] User 21104010 attempting to log in
[2024-10-05T13:34:09.152Z] [=] Webapp 2409:40c0:236:383f:7922:bbd6:b1c6:5371 : User 21104010 successfully logged in
[2024-10-05T13:34:09.160Z] [=] Webapp 2409:40c0:236:383f:7922:bbd6:b1c6:5371 : Token provided for user 21104010
[2024-10-05T13:50:53.994Z] [=] User 21104010 attempting to log in
[2024-10-05T13:50:54.019Z] [=] Webapp 2409:40c0:236:383f:7922:bbd6:b1c6:5371 : User 21104010 successfully logged in
[2024-10-05T13:50:54.036Z] [=] Webapp 2409:40c0:236:383f:7922:bbd6:b1c6:5371 : Token provided for user 21104010
[2024-10-05T14:18:15.088Z] [=] User 21104010 attempting to log in
[2024-10-05T14:18:15.120Z] [=] Webapp 2409:40c0:236:383f:7922:bbd6:b1c6:5371 : User 21104010 successfully logged in
[2024-10-05T14:18:15.142Z] [=] Webapp 2409:40c0:236:383f:7922:bbd6:b1c6:5371 : Token provided for user 21104010
[2024-10-05T14:19:12.266Z] [*] Internal server error: TypeError: Cannot read properties of null (reading 'username')
[2024-10-05T14:32:57.998Z] [=] undefined 2409:40c0:236:383f:7922:bbd6:b1c6:5371 : 21104010 updated their profile.
[2024-10-05T14:33:52.173Z] [=] User 21104010 attempting to log in
[2024-10-05T14:33:52.180Z] [=] Webapp 2409:40c0:236:383f:7922:bbd6:b1c6:5371 : User 21104010 successfully logged in
[2024-10-05T14:33:52.192Z] [=] Webapp 2409:40c0:236:383f:7922:bbd6:b1c6:5371 : Token provided for user 21104010
[2024-10-05T14:34:18.211Z] [=] undefined 2409:40c0:236:383f:7922:bbd6:b1c6:5371 : 21104010 updated their profile.
[2024-10-05T14:34:30.296Z] [=] User 21104010 attempting to log in
[2024-10-05T14:34:30.301Z] [=] Webapp 2409:40c0:236:383f:7922:bbd6:b1c6:5371 : User 21104010 successfully logged in
[2024-10-05T14:34:30.308Z] [=] Webapp 2409:40c0:236:383f:7922:bbd6:b1c6:5371 : Token provided for user 21104010
