[2024-10-24T17:14:01.065Z] [=] User 21104136 attempting to log in
[2024-10-24T17:14:01.091Z] [=] Webapp ::ffff:192.168.31.253 : User 21104136 successfully logged in
[2024-10-24T17:14:01.109Z] [=] Webapp ::ffff:192.168.31.253 : Token provided for user 21104136
[2024-10-24T17:27:18.912Z] [=] User 21104136 attempting to log in
[2024-10-24T17:27:18.916Z] [=] Webapp ::1 : User 21104136 successfully logged in
[2024-10-24T17:27:18.924Z] [=] Webapp ::1 : Token provided for user 21104136
[2024-10-24T17:30:54.198Z] [=] User 21104136 attempting to log in
[2024-10-24T17:30:54.203Z] [=] Webapp 2409:40c0:11b3:4655:2031:7f3a:89c4:bcc9 : User 21104136 successfully logged in
[2024-10-24T17:30:54.211Z] [=] Webapp 2409:40c0:11b3:4655:2031:7f3a:89c4:bcc9 : Token provided for user 21104136
[2024-10-24T17:32:20.771Z] [=] undefined 2409:40c0:11b3:4655:2031:7f3a:89c4:bcc9 : 21104136 updated their profile.
[2024-10-24T17:49:02.822Z] [=] User 21104136 attempting to log in
[2024-10-24T17:49:02.835Z] [=] Webapp 2409:40c0:11b3:4655:2031:7f3a:89c4:bcc9 : User 21104136 successfully logged in
[2024-10-24T17:49:02.842Z] [=] Webapp 2409:40c0:11b3:4655:2031:7f3a:89c4:bcc9 : Token provided for user 21104136
[2024-10-24T17:49:37.686Z] [=] undefined 2409:40c0:11b3:4655:2031:7f3a:89c4:bcc9 : 21104136 updated their profile.
[2024-10-24T17:58:24.164Z] [=] User 21104136 attempting to log in
[2024-10-24T17:58:24.184Z] [-] Webapp 2409:40c0:11b3:4655:2031:7f3a:89c4:bcc9 : Unsuccessful login attempt for user 21104136
[2024-10-24T17:58:50.689Z] [=] User 21104136 attempting to log in
[2024-10-24T17:58:50.695Z] [-] Webapp 2409:40c0:11b3:4655:2031:7f3a:89c4:bcc9 : Unsuccessful login attempt for user 21104136
[2024-10-24T17:58:58.810Z] [=] User 21104136 attempting to log in
[2024-10-24T17:58:58.816Z] [=] Webapp 2409:40c0:11b3:4655:2031:7f3a:89c4:bcc9 : User 21104136 successfully logged in
[2024-10-24T17:58:58.828Z] [=] Webapp 2409:40c0:11b3:4655:2031:7f3a:89c4:bcc9 : Token provided for user 21104136
[2024-10-24T17:59:06.595Z] [=] undefined 2409:40c0:11b3:4655:2031:7f3a:89c4:bcc9 : 21104136 updated their profile.
[2024-10-24T18:09:24.159Z] [=] User 21104136 attempting to log in
[2024-10-24T18:09:24.180Z] [=] Webapp 2409:40c0:11b3:4655:2031:7f3a:89c4:bcc9 : User 21104136 successfully logged in
[2024-10-24T18:09:24.192Z] [=] Webapp 2409:40c0:11b3:4655:2031:7f3a:89c4:bcc9 : Token provided for user 21104136
[2024-10-24T18:09:44.249Z] [=] undefined 2409:40c0:11b3:4655:2031:7f3a:89c4:bcc9 : 21104136 updated their profile.
[2024-10-24T18:10:42.246Z] [=] User 21104136 attempting to log in
[2024-10-24T18:10:42.267Z] [=] Webapp 2409:40c0:11b3:4655:2031:7f3a:89c4:bcc9 : User 21104136 successfully logged in
[2024-10-24T18:10:42.278Z] [=] Webapp 2409:40c0:11b3:4655:2031:7f3a:89c4:bcc9 : Token provided for user 21104136
[2024-10-24T18:11:28.871Z] [=] undefined 2409:40c0:11b3:4655:2031:7f3a:89c4:bcc9 : 21104136 updated their profile.
[2024-10-24T18:11:41.519Z] [=] User 21104136 attempting to log in
[2024-10-24T18:11:41.525Z] [=] Webapp 2409:40c0:11b3:4655:2031:7f3a:89c4:bcc9 : User 21104136 successfully logged in
[2024-10-24T18:11:41.530Z] [=] Webapp 2409:40c0:11b3:4655:2031:7f3a:89c4:bcc9 : Token provided for user 21104136
[2024-10-24T18:15:28.972Z] [=] undefined 2409:40c0:11b3:4655:2031:7f3a:89c4:bcc9 : 21104136 updated their profile.
[2024-10-24T18:15:40.712Z] [=] User 21104136 attempting to log in
[2024-10-24T18:15:40.718Z] [=] Webapp 2409:40c0:11b3:4655:2031:7f3a:89c4:bcc9 : User 21104136 successfully logged in
[2024-10-24T18:15:40.728Z] [=] Webapp 2409:40c0:11b3:4655:2031:7f3a:89c4:bcc9 : Token provided for user 21104136
[2024-10-24T18:17:09.621Z] [=] undefined 2409:40c0:11b3:4655:2031:7f3a:89c4:bcc9 : 21104136 fetched and saved Credly badges
[2024-10-24T18:17:09.626Z] [=] undefined 2409:40c0:11b3:4655:2031:7f3a:89c4:bcc9 : 21104136 fetched and saved Credly badges
[2024-10-24T18:17:09.630Z] [=] undefined 2409:40c0:11b3:4655:2031:7f3a:89c4:bcc9 : 21104136 fetched and saved Credly badges
[2024-10-24T18:17:09.633Z] [=] undefined 2409:40c0:11b3:4655:2031:7f3a:89c4:bcc9 : 21104136 fetched and saved Credly badges
[2024-10-24T18:17:09.636Z] [=] undefined 2409:40c0:11b3:4655:2031:7f3a:89c4:bcc9 : 21104136 fetched and saved Credly badges
[2024-10-24T18:17:09.639Z] [=] undefined 2409:40c0:11b3:4655:2031:7f3a:89c4:bcc9 : 21104136 updated their profile.
[2024-10-24T18:17:27.941Z] [=] User 21104136 attempting to log in
[2024-10-24T18:17:27.946Z] [=] Webapp 2409:40c0:11b3:4655:2031:7f3a:89c4:bcc9 : User 21104136 successfully logged in
[2024-10-24T18:17:27.951Z] [=] Webapp 2409:40c0:11b3:4655:2031:7f3a:89c4:bcc9 : Token provided for user 21104136
