[2024-12-17T05:55:41.966Z] [=] User Shardul attempting to log in
[2024-12-17T05:55:41.980Z] [=] Webapp ::1 : User Shardul successfully logged in
[2024-12-17T05:55:41.988Z] [=] Webapp ::1 : Token provided for user Shardul
[2024-12-17T06:23:36.083Z] [=] User 21104006 attempting to log in
[2024-12-17T06:23:36.130Z] [=] Webapp ::1 : User 21104006 successfully logged in
[2024-12-17T06:23:36.230Z] [=] Webapp ::1 : Token provided for user 21104006
[2024-12-17T06:25:14.558Z] [=] undefined ::1 : 21104006 updated their profile.
[2024-12-17T06:25:27.273Z] [=] User 21104006 attempting to log in
[2024-12-17T06:25:27.278Z] [=] Webapp ::1 : User 21104006 successfully logged in
[2024-12-17T06:25:27.295Z] [=] Webapp ::1 : Token provided for user 21104006
[2024-12-17T06:45:37.236Z] [=] User 21104006 attempting to log in
[2024-12-17T06:45:37.262Z] [-] Webapp ::1 : Unsuccessful login attempt for user 21104006
[2024-12-17T06:45:48.258Z] [=] User 21104006 attempting to log in
[2024-12-17T06:45:48.265Z] [=] Webapp ::1 : User 21104006 successfully logged in
[2024-12-17T06:45:48.287Z] [=] Webapp ::1 : Token provided for user 21104006
[2024-12-17T07:02:27.552Z] [=] User 21104006 attempting to log in
[2024-12-17T07:02:27.560Z] [=] Webapp ::1 : User 21104006 successfully logged in
[2024-12-17T07:02:27.579Z] [=] Webapp ::1 : Token provided for user 21104006
[2024-12-17T08:38:09.832Z] [=] User 21104006 attempting to log in
[2024-12-17T08:38:09.853Z] [=] Webapp ::1 : User 21104006 successfully logged in
[2024-12-17T08:38:09.872Z] [=] Webapp ::1 : Token provided for user 21104006
[2024-12-17T08:42:20.082Z] [=] Webapp 152.58.1.240 : Posted a file 21104006-AashayIngale-IOT Fundamentals-certificate.pdf
[2024-12-17T08:46:21.212Z] [=] Webapp 152.58.1.118 : Posted a file 21104006-aws cloud architecture.pdf
[2024-12-17T08:53:32.435Z] [=] User 21104006 attempting to log in
[2024-12-17T08:53:32.442Z] [=] Webapp ::1 : User 21104006 successfully logged in
[2024-12-17T08:53:32.458Z] [=] Webapp ::1 : Token provided for user 21104006
