[2024-12-07T11:13:49.425Z] [=] User 21104010 attempting to log in
[2024-12-07T11:13:49.454Z] [=] Webapp 2409:40c0:221:21f:f5f1:1260:f513:340b : User 21104010 successfully logged in
[2024-12-07T11:13:49.472Z] [=] Webapp 2409:40c0:221:21f:f5f1:1260:f513:340b : Token provided for user 21104010
[2024-12-07T11:36:19.341Z] [=] User 21104010 attempting to log in
[2024-12-07T11:36:19.361Z] [=] Webapp 2409:40c0:221:21f:f5f1:1260:f513:340b : User 21104010 successfully logged in
[2024-12-07T11:36:19.403Z] [=] Webapp 2409:40c0:221:21f:f5f1:1260:f513:340b : Token provided for user 21104010
[2024-12-07T12:40:17.597Z] [=] User 21104010 attempting to log in
[2024-12-07T12:40:17.625Z] [*] Database connection failed: serverSK is not defined
[2024-12-07T12:40:17.623Z] [=] Mobileapp 152.58.0.188 : User 21104010 successfully logged in
[2024-12-07T12:40:59.856Z] [=] User 21104010 attempting to log in
[2024-12-07T12:40:59.861Z] [=] Mobileapp 152.58.0.188 : User 21104010 successfully logged in
[2024-12-07T12:40:59.861Z] [*] Database connection failed: serverSK is not defined
[2024-12-07T12:41:36.224Z] [=] User 21104010 attempting to log in
[2024-12-07T12:41:36.237Z] [=] Mobileapp 2409:40c0:221:21f:111c:1421:4643:5953 : User 21104010 successfully logged in
[2024-12-07T12:41:36.251Z] [=] Mobileapp 2409:40c0:221:21f:111c:1421:4643:5953 : Token provided for user 21104010
[2024-12-07T12:49:15.512Z] [=] Mobileapp 152.58.0.188 : Token for user 21104010 is valid
[2024-12-07T12:54:30.666Z] [=] User 21104010 attempting to log in
[2024-12-07T12:54:30.684Z] [=] Webapp 2409:40c0:221:21f:f5f1:1260:f513:340b : User 21104010 successfully logged in
[2024-12-07T12:54:30.701Z] [=] Webapp 2409:40c0:221:21f:f5f1:1260:f513:340b : Token provided for user 21104010
[2024-12-07T12:56:01.314Z] [*] Webapp 
[2024-12-07T12:56:11.624Z] [=] User 21104010 attempting to log in
[2024-12-07T12:56:11.630Z] [=] Webapp 2409:40c0:221:21f:f5f1:1260:f513:340b : User 21104010 successfully logged in
[2024-12-07T12:56:11.653Z] [=] Webapp 2409:40c0:221:21f:f5f1:1260:f513:340b : Token provided for user 21104010
[2024-12-07T12:56:14.644Z] [*] Webapp 
[2024-12-07T12:59:30.929Z] [*] Webapp 
[2024-12-07T13:07:22.702Z] [=] User 21104010 attempting to log in
[2024-12-07T13:07:22.728Z] [=] Webapp 2409:40c0:221:21f:f5f1:1260:f513:340b : User 21104010 successfully logged in
[2024-12-07T13:07:22.774Z] [=] Webapp 2409:40c0:221:21f:f5f1:1260:f513:340b : Token provided for user 21104010
[2024-12-07T13:07:24.597Z] [*] Webapp ll
[2024-12-07T14:45:31.566Z] [=] User 21104010 attempting to log in
[2024-12-07T14:45:31.614Z] [=] Webapp 2409:40c0:221:21f:f5f1:1260:f513:340b : User 21104010 successfully logged in
[2024-12-07T14:45:31.650Z] [=] Webapp 2409:40c0:221:21f:f5f1:1260:f513:340b : Token provided for user 21104010
