[2024-10-26T05:50:06.791Z] [=] User 21104010 attempting to log in
[2024-10-26T05:50:06.833Z] [=] Webapp 2402:3a80:4163:f892:0:10:68f2:5401 : User 21104010 successfully logged in
[2024-10-26T05:50:06.898Z] [=] Webapp 2402:3a80:4163:f892:0:10:68f2:5401 : Token provided for user 21104010
[2024-10-26T05:50:53.135Z] [=] User 21104010 attempting to log in
[2024-10-26T05:50:53.141Z] [=] Webapp 2402:3a80:4163:f892:8890:9c0:80e9:be09 : User 21104010 successfully logged in
[2024-10-26T05:50:53.150Z] [=] Webapp 2402:3a80:4163:f892:8890:9c0:80e9:be09 : Token provided for user 21104010
[2024-10-26T05:51:32.378Z] [=] Mobileapp 42.111.98.131 : Token for user Sonal Jain is valid
[2024-10-26T05:51:35.324Z] [=] Mobileapp 42.111.98.131 : Sonal Jain fetched post permissions
[2024-10-26T05:51:35.328Z] [=] Mobileapp 42.111.98.131 : Sonal Jain fetched post permissions
[2024-10-26T05:52:00.900Z] [=] Webapp 42.111.98.131 : Posted a file 21104010-AWS_Cloud_Virtual_Internship.pdf
[2024-10-26T05:52:08.430Z] [=] Mobileapp 42.111.98.131 : Sonal Jain fetched post permissions
[2024-10-26T06:33:41.231Z] [=] User 21104010 attempting to log in
[2024-10-26T06:33:41.236Z] [=] Webapp 2402:3a80:4163:f892:8890:9c0:80e9:be09 : User 21104010 successfully logged in
[2024-10-26T06:33:41.248Z] [=] Webapp 2402:3a80:4163:f892:8890:9c0:80e9:be09 : Token provided for user 21104010
[2024-10-26T06:57:36.217Z] [=] Mobileapp 42.111.111.140 : Sonal Jain fetched post permissions
[2024-10-26T06:58:09.090Z] [=] Webapp 2402:3a80:4177:286a:8890:9c0:80e9:be09 : New student registered: 21104087
[2024-10-26T06:58:19.389Z] [=] User 21104087 attempting to log in
[2024-10-26T06:58:19.393Z] [=] Webapp 2402:3a80:4177:286a:8890:9c0:80e9:be09 : User 21104087 successfully logged in
[2024-10-26T06:58:19.401Z] [=] Webapp 2402:3a80:4177:286a:8890:9c0:80e9:be09 : Token provided for user 21104087
[2024-10-26T07:00:21.059Z] [=] undefined 2402:3a80:4177:286a:8890:9c0:80e9:be09 : 21104087 updated their profile.
[2024-10-26T07:00:38.540Z] [=] User 21104087 attempting to log in
[2024-10-26T07:00:38.544Z] [=] Webapp 2402:3a80:4177:286a:8890:9c0:80e9:be09 : User 21104087 successfully logged in
[2024-10-26T07:00:38.550Z] [=] Webapp 2402:3a80:4177:286a:8890:9c0:80e9:be09 : Token provided for user 21104087
[2024-10-26T07:01:13.151Z] [=] undefined 2402:3a80:4177:286a:8890:9c0:80e9:be09 : 21104087 fetched and saved Credly badges
[2024-10-26T07:01:13.156Z] [=] undefined 2402:3a80:4177:286a:8890:9c0:80e9:be09 : 21104087 fetched and saved Credly badges
[2024-10-26T07:01:13.161Z] [=] undefined 2402:3a80:4177:286a:8890:9c0:80e9:be09 : 21104087 fetched and saved Credly badges
[2024-10-26T07:01:13.165Z] [=] undefined 2402:3a80:4177:286a:8890:9c0:80e9:be09 : 21104087 fetched and saved Credly badges
[2024-10-26T07:01:13.169Z] [=] undefined 2402:3a80:4177:286a:8890:9c0:80e9:be09 : 21104087 fetched and saved Credly badges
[2024-10-26T07:01:13.173Z] [=] undefined 2402:3a80:4177:286a:8890:9c0:80e9:be09 : 21104087 fetched and saved Credly badges
[2024-10-26T07:01:13.176Z] [=] undefined 2402:3a80:4177:286a:8890:9c0:80e9:be09 : 21104087 fetched and saved Credly badges
[2024-10-26T07:01:13.180Z] [=] undefined 2402:3a80:4177:286a:8890:9c0:80e9:be09 : 21104087 fetched and saved Credly badges
[2024-10-26T07:01:13.184Z] [=] undefined 2402:3a80:4177:286a:8890:9c0:80e9:be09 : 21104087 fetched and saved Credly badges
[2024-10-26T07:01:13.187Z] [=] undefined 2402:3a80:4177:286a:8890:9c0:80e9:be09 : 21104087 fetched and saved Credly badges
[2024-10-26T07:01:13.190Z] [=] undefined 2402:3a80:4177:286a:8890:9c0:80e9:be09 : 21104087 fetched and saved Credly badges
[2024-10-26T07:01:13.194Z] [=] undefined 2402:3a80:4177:286a:8890:9c0:80e9:be09 : 21104087 fetched and saved Credly badges
[2024-10-26T07:01:13.197Z] [=] undefined 2402:3a80:4177:286a:8890:9c0:80e9:be09 : 21104087 fetched and saved Credly badges
[2024-10-26T07:01:13.200Z] [=] undefined 2402:3a80:4177:286a:8890:9c0:80e9:be09 : 21104087 fetched and saved Credly badges
[2024-10-26T07:01:13.203Z] [=] undefined 2402:3a80:4177:286a:8890:9c0:80e9:be09 : 21104087 fetched and saved Credly badges
[2024-10-26T07:01:13.207Z] [=] undefined 2402:3a80:4177:286a:8890:9c0:80e9:be09 : 21104087 updated their profile.
[2024-10-26T07:01:26.205Z] [=] User 21104087 attempting to log in
[2024-10-26T07:01:26.211Z] [=] Webapp 2402:3a80:4177:286a:8890:9c0:80e9:be09 : User 21104087 successfully logged in
[2024-10-26T07:01:26.216Z] [=] Webapp 2402:3a80:4177:286a:8890:9c0:80e9:be09 : Token provided for user 21104087
[2024-10-26T07:02:27.950Z] Mobileapp 42.111.111.140 : Mentor Sonal Jain fetch their badges info
[2024-10-26T07:03:56.368Z] [=] Webapp 42.111.111.140 : Posted a file 21104087-AashayIngale-Switching and Ro-certificate.pdf
[2024-10-26T07:04:29.210Z] [=] Mobileapp 2402:3a80:4177:286a:0:10:6a0b:fc01 : Sonal Jain fetched post permissions
[2024-10-26T07:04:29.214Z] [=] Mobileapp 2402:3a80:4177:286a:0:10:6a0b:fc01 : Sonal Jain fetched post permissions
