[2024-10-06T05:40:25.981Z] [=] User 21104010 attempting to log in
[2024-10-06T05:40:26.021Z] [=] Webapp 2409:40c0:236:383f:c5b1:2d10:6e7d:613f : User 21104010 successfully logged in
[2024-10-06T05:40:26.078Z] [=] Webapp 2409:40c0:236:383f:c5b1:2d10:6e7d:613f : Token provided for user 21104010
[2024-10-06T05:41:13.497Z] [=] User 21104010 attempting to log in
[2024-10-06T05:41:13.503Z] [=] Webapp 2409:40c0:236:383f:7124:50b9:3e6b:3ef0 : User 21104010 successfully logged in
[2024-10-06T05:41:13.515Z] [=] Webapp 2409:40c0:236:383f:7124:50b9:3e6b:3ef0 : Token provided for user 21104010
[2024-10-06T05:41:28.858Z] [=] User 21104010 attempting to log in
[2024-10-06T05:41:28.868Z] [=] Webapp 2409:40c0:236:383f:c5b1:2d10:6e7d:613f : Token provided for user 21104010
[2024-10-06T05:41:28.862Z] [=] Webapp 2409:40c0:236:383f:c5b1:2d10:6e7d:613f : User 21104010 successfully logged in
[2024-10-06T05:55:23.437Z] [=] undefined 2409:40c0:236:383f:c5b1:2d10:6e7d:613f : 21104010 updated their profile.
[2024-10-06T05:57:22.081Z] [=] User 21104010 attempting to log in
[2024-10-06T05:57:22.085Z] [=] Webapp 2409:40c0:236:383f:c5b1:2d10:6e7d:613f : User 21104010 successfully logged in
[2024-10-06T05:57:22.090Z] [=] Webapp 2409:40c0:236:383f:c5b1:2d10:6e7d:613f : Token provided for user 21104010
[2024-10-06T06:22:26.974Z] [=] User 21104010 attempting to log in
[2024-10-06T06:22:26.984Z] [=] Mobileapp 152.58.5.155 : User 21104010 successfully logged in
[2024-10-06T06:22:26.998Z] [=] Mobileapp 152.58.5.155 : Token provided for user 21104010
[2024-10-06T06:22:32.116Z] [=] Mobileapp 152.58.5.155 : 21104010 pulled their own profile
[2024-10-06T06:22:32.124Z] [=] Mobileapp 152.58.5.155 : 21104010 pulled their own profile
[2024-10-06T06:41:16.678Z] [=] User 21104010 attempting to log in
[2024-10-06T06:41:16.684Z] [=] Webapp 2409:40c0:236:383f:c5b1:2d10:6e7d:613f : User 21104010 successfully logged in
[2024-10-06T06:41:16.694Z] [=] Webapp 2409:40c0:236:383f:c5b1:2d10:6e7d:613f : Token provided for user 21104010
[2024-10-06T07:02:53.114Z] [=] User 21104010 attempting to log in
[2024-10-06T07:02:53.127Z] [=] Webapp 2409:40c0:236:383f:c5b1:2d10:6e7d:613f : User 21104010 successfully logged in
[2024-10-06T07:02:53.136Z] [=] Webapp 2409:40c0:236:383f:c5b1:2d10:6e7d:613f : Token provided for user 21104010
[2024-10-06T07:17:02.579Z] [=] User 21104010 attempting to log in
[2024-10-06T07:17:02.585Z] [=] Webapp 2409:40c0:236:383f:7124:50b9:3e6b:3ef0 : User 21104010 successfully logged in
[2024-10-06T07:17:02.594Z] [=] Webapp 2409:40c0:236:383f:7124:50b9:3e6b:3ef0 : Token provided for user 21104010
[2024-10-06T07:18:45.327Z] [=] User 21104010 attempting to log in
[2024-10-06T07:18:45.333Z] [=] Webapp 2409:40c0:236:383f:c5b1:2d10:6e7d:613f : User 21104010 successfully logged in
[2024-10-06T07:18:45.341Z] [=] Webapp 2409:40c0:236:383f:c5b1:2d10:6e7d:613f : Token provided for user 21104010
[2024-10-06T09:25:24.985Z] [=] User 21104010 attempting to log in
[2024-10-06T09:25:25.004Z] [=] Webapp 152.58.5.155 : User 21104010 successfully logged in
[2024-10-06T09:25:25.022Z] [=] Webapp 152.58.5.155 : Token provided for user 21104010
[2024-10-06T09:25:28.553Z] [*] Webapp 
[2024-10-06T09:25:56.854Z] [=] User 21104010 attempting to log in
[2024-10-06T09:25:56.858Z] [=] Webapp 152.58.5.155 : User 21104010 successfully logged in
[2024-10-06T09:25:56.864Z] [=] Webapp 152.58.5.155 : Token provided for user 21104010
[2024-10-06T09:26:04.595Z] [*] Webapp 
[2024-10-06T09:29:04.283Z] [=] User 21104010 attempting to log in
[2024-10-06T09:29:04.297Z] [=] Webapp 152.58.5.155 : User 21104010 successfully logged in
[2024-10-06T09:29:04.304Z] [=] Webapp 152.58.5.155 : Token provided for user 21104010
[2024-10-06T09:43:09.503Z] [=] User 21104010 attempting to log in
[2024-10-06T09:43:09.509Z] [=] Webapp 2409:40c0:236:383f:7124:50b9:3e6b:3ef0 : User 21104010 successfully logged in
[2024-10-06T09:43:09.520Z] [=] Webapp 2409:40c0:236:383f:7124:50b9:3e6b:3ef0 : Token provided for user 21104010
[2024-10-06T10:01:11.028Z] [=] User 21104010 attempting to log in
[2024-10-06T10:01:11.033Z] [=] Webapp 2409:40c0:236:383f:7124:50b9:3e6b:3ef0 : User 21104010 successfully logged in
[2024-10-06T10:01:11.048Z] [=] Webapp 2409:40c0:236:383f:7124:50b9:3e6b:3ef0 : Token provided for user 21104010
[2024-10-06T10:29:17.886Z] [=] User 21104010 attempting to log in
[2024-10-06T10:29:17.893Z] [=] Webapp 2409:40c0:236:383f:7124:50b9:3e6b:3ef0 : User 21104010 successfully logged in
[2024-10-06T10:29:17.902Z] [=] Webapp 2409:40c0:236:383f:7124:50b9:3e6b:3ef0 : Token provided for user 21104010
[2024-10-06T10:46:22.998Z] [=] User 21104010 attempting to log in
[2024-10-06T10:46:23.003Z] [=] Webapp 2409:40c0:236:383f:7124:50b9:3e6b:3ef0 : User 21104010 successfully logged in
[2024-10-06T10:46:23.013Z] [=] Webapp 2409:40c0:236:383f:7124:50b9:3e6b:3ef0 : Token provided for user 21104010
[2024-10-06T11:02:21.209Z] [=] User 21104010 attempting to log in
[2024-10-06T11:02:21.217Z] [=] Webapp 2409:40c0:236:383f:7124:50b9:3e6b:3ef0 : User 21104010 successfully logged in
[2024-10-06T11:02:21.232Z] [=] Webapp 2409:40c0:236:383f:7124:50b9:3e6b:3ef0 : Token provided for user 21104010
[2024-10-06T11:20:00.588Z] [=] User 21104010 attempting to log in
[2024-10-06T11:20:00.594Z] [=] Webapp 2409:40c0:236:383f:7124:50b9:3e6b:3ef0 : User 21104010 successfully logged in
[2024-10-06T11:20:00.604Z] [=] Webapp 2409:40c0:236:383f:7124:50b9:3e6b:3ef0 : Token provided for user 21104010
